{
  "RSpec": {
    "coverage": {
      "/Users/macpro/Projects/Week 6/BnB/app/app.rb": [
        1,
        null,
        1,
        1,
        1,
        1,
        1,
        1,
        null,
        1,
        1,
        1,
        1,
        1,
        1,
        1,
        null,
        null,
        null,
        null,
        null,
        1
      ],
      "/Users/macpro/Projects/Week 6/BnB/app/helpers.rb": [
        1,
        1,
        156,
        null,
        null,
        1,
        22,
        null,
        null,
        null,
        null,
        null,
        null,
        null,
        1,
        14,
        null,
        null,
        null,
        null,
        null,
        null,
        null,
        null,
        1,
        2,
        2,
        null,
        null,
        null,
        null,
        null,
        null,
        null,
        null,
        1,
        4,
        null,
        null,
        null,
        null,
        1,
        2,
        null,
        null,
        1,
        1,
        1,
        1,
        null,
        null,
        null,
        null,
        null
      ],
      "/Users/macpro/Projects/Week 6/BnB/app/server.rb": [
        1,
        1,
        1,
        1,
        null,
        1,
        null,
        1,
        1,
        1,
        1,
        null,
        null
      ],
      "/Users/macpro/Projects/Week 6/BnB/app/data_mapper_setup.rb": [
        1,
        1,
        1,
        1,
        null,
        1,
        null,
        1,
        1,
        1,
        null,
        null,
        null
      ],
      "/Users/macpro/Projects/Week 6/BnB/app/models/user.rb": [
        1,
        null,
        1,
        null,
        1,
        1,
        null,
        1,
        null,
        1,
        null,
        1,
        1,
        1,
        1,
        null,
        1,
        1,
        null,
        1,
        24,
        24,
        null,
        null,
        1,
        8,
        8,
        6,
        null,
        null,
        null,
        null
      ],
      "/Users/macpro/Projects/Week 6/BnB/app/models/space.rb": [
        1,
        null,
        1,
        1,
        null,
        1,
        1,
        1,
        1,
        1,
        1,
        null,
        1,
        3,
        3,
        3,
        3,
        null,
        null,
        null
      ],
      "/Users/macpro/Projects/Week 6/BnB/app/controllers/users.rb": [
        1,
        null,
        1,
        22,
        22,
        null,
        null,
        1,
        22,
        22,
        21,
        21,
        21,
        null,
        1,
        1,
        null,
        null,
        null,
        null
      ],
      "/Users/macpro/Projects/Week 6/BnB/app/controllers/sessions.rb": [
        1,
        null,
        1,
        0,
        null,
        null,
        1,
        6,
        null,
        null,
        1,
        6,
        6,
        5,
        5,
        null,
        1,
        1,
        null,
        null,
        null,
        1,
        9,
        9,
        9,
        null,
        null
      ],
      "/Users/macpro/Projects/Week 6/BnB/app/controllers/spaces.rb": [
        1,
        null,
        1,
        59,
        59,
        59,
        null,
        null,
        1,
        15,
        0,
        0,
        null,
        15,
        null,
        null,
        null,
        1,
        14,
        14,
        14,
        14,
        null,
        0,
        null,
        null,
        null,
        1,
        4,
        4,
        null,
        null,
        1,
        4,
        4,
        null,
        null,
        1,
        2,
        2,
        2,
        null,
        0,
        0,
        null,
        null,
        null,
        1,
        7,
        7,
        null,
        null,
        1,
        7,
        7,
        null,
        null,
        1,
        6,
        6,
        4,
        null,
        2,
        null,
        6,
        null,
        null,
        1,
        6,
        null,
        null,
        1,
        3,
        3,
        null,
        null,
        1,
        1,
        1,
        null,
        null,
        1,
        1,
        1,
        null,
        null,
        null
      ],
      "/Users/macpro/Projects/Week 6/BnB/app/lib/email/email_confirmations.rb": [
        1,
        null,
        1,
        null,
        1,
        21,
        21,
        21,
        21,
        21,
        null,
        21,
        21,
        null,
        null,
        null,
        0,
        null,
        null,
        1,
        0,
        0,
        0,
        0,
        0,
        null,
        0,
        0,
        null,
        null,
        null,
        0,
        null,
        null,
        1,
        0,
        0,
        0,
        0,
        0,
        null,
        0,
        0,
        null,
        null,
        null,
        0,
        null,
        null,
        1,
        0,
        0,
        0,
        0,
        0,
        null,
        0,
        0,
        null,
        null,
        null,
        0,
        0,
        0,
        0,
        null,
        0,
        0,
        null,
        null,
        null,
        0,
        null,
        null,
        null
      ],
      "/Users/macpro/Projects/Week 6/BnB/app/models/date_range.rb": [
        1,
        null,
        1,
        35,
        35,
        null,
        null,
        1,
        2,
        2,
        2,
        null,
        null,
        1,
        8,
        null,
        null,
        1,
        null,
        1,
        2,
        2,
        34,
        null,
        2,
        null,
        null,
        null
      ],
      "/Users/macpro/Projects/Week 6/BnB/spec/web_helpers.rb": [
        1,
        17,
        17,
        17,
        17,
        17,
        17,
        null,
        null,
        1,
        6,
        6,
        6,
        6,
        null,
        null,
        1,
        5,
        5,
        5,
        5,
        5,
        5,
        null,
        null,
        1,
        13,
        13,
        13,
        13,
        13,
        13,
        13,
        13,
        null,
        null,
        1,
        1,
        1,
        1,
        1,
        1,
        1,
        1,
        null,
        null,
        1,
        2,
        2,
        2,
        2,
        2,
        null
      ],
      "/Users/macpro/Projects/Week 6/BnB/spec/features/add_space_spec.rb": [
        1,
        1,
        1,
        1,
        1,
        1,
        null,
        null,
        1,
        1,
        1,
        1,
        1,
        1,
        1,
        1,
        1,
        null,
        null,
        1,
        2,
        1,
        null,
        null,
        1,
        1,
        1,
        1,
        null,
        null
      ],
      "/Users/macpro/Projects/Week 6/BnB/spec/features/approve_space_request_spec.rb": [
        1,
        1,
        1,
        1,
        1,
        1,
        1,
        1,
        1,
        1,
        1,
        1,
        1,
        1,
        1,
        1,
        null,
        null,
        1,
        1,
        1,
        1,
        1,
        1,
        1,
        1,
        1,
        null,
        1,
        1,
        1,
        1,
        1,
        null,
        1,
        1,
        1,
        1,
        1,
        1,
        null,
        1,
        1,
        null,
        null,
        1,
        1,
        1,
        1,
        1,
        1,
        1,
        1,
        1,
        null,
        1,
        1,
        1,
        1,
        1,
        null,
        1,
        1,
        1,
        1,
        1,
        1,
        null,
        1,
        1,
        1,
        1,
        null,
        1,
        1,
        null,
        null
      ],
      "/Users/macpro/Projects/Week 6/BnB/spec/features/date_space_spec.rb": [
        1,
        1,
        1,
        2,
        1,
        1,
        1,
        1,
        1,
        null,
        null,
        null
      ],
      "/Users/macpro/Projects/Week 6/BnB/spec/features/edit_space_spec.rb": [
        1,
        null,
        1,
        1,
        1,
        1,
        1,
        1,
        1,
        null,
        null,
        1,
        1,
        1,
        1,
        1,
        1,
        1,
        1,
        1,
        null,
        null,
        1,
        1,
        1,
        1,
        2,
        null,
        null,
        1,
        1,
        1,
        1,
        1,
        1,
        1,
        1,
        1,
        1,
        null,
        null,
        null
      ],
      "/Users/macpro/Projects/Week 6/BnB/spec/features/request_to_hire_space_spec.rb": [
        1,
        1,
        1,
        1,
        1,
        null,
        1,
        1,
        1,
        1,
        1,
        1,
        null,
        null
      ],
      "/Users/macpro/Projects/Week 6/BnB/spec/features/sign_in_spec.rb": [
        1,
        1,
        1,
        1,
        1,
        1,
        null,
        null,
        1,
        1,
        1,
        1,
        null,
        null
      ],
      "/Users/macpro/Projects/Week 6/BnB/spec/features/sign_out_spec.rb": [
        1,
        1,
        1,
        1,
        1,
        1,
        1,
        null,
        null
      ],
      "/Users/macpro/Projects/Week 6/BnB/spec/features/sign_up_spec.rb": [
        1,
        1,
        2,
        1,
        1,
        1,
        null,
        null
      ],
      "/Users/macpro/Projects/Week 6/BnB/spec/models/date_range_spec.rb": [
        1,
        3,
        3,
        3,
        3,
        2,
        null,
        3,
        2,
        2,
        null,
        1,
        1,
        1,
        null,
        null,
        null,
        1,
        1,
        null,
        null,
        1,
        1,
        null,
        null,
        null
      ],
      "/Users/macpro/Projects/Week 6/BnB/spec/models/space_spec.rb": [
        1,
        2,
        null,
        2,
        2,
        2,
        2,
        2,
        2,
        2,
        null,
        1,
        1,
        1,
        1,
        null,
        null
      ],
      "/Users/macpro/Projects/Week 6/BnB/spec/models/user_spec.rb": [
        1,
        1,
        2,
        null,
        null,
        null,
        1,
        1,
        1,
        null,
        null,
        1,
        1,
        null,
        null
      ]
    },
    "timestamp": 1463750898
  }
}
