{
  "RSpec": {
    "coverage": {
      "/Users/emmasjostrom/Projects/week6/best_bnb/app/app.rb": [
        1,
        null,
        1,
        1,
        1,
        1,
        1,
        1,
        1,
        1,
        1,
        1,
        null,
        1
      ],
      "/Users/emmasjostrom/Projects/week6/best_bnb/app/server.rb": [
        1,
        null,
        1,
        1,
        1,
        1,
        1,
        1,
        1,
        null,
        1,
        1,
        105,
        null,
        null,
        null
      ],
      "/Users/emmasjostrom/Projects/week6/best_bnb/app/data_mapper_setup.rb": [
        1,
        1,
        1,
        1,
        null,
        1,
        null,
        1,
        1,
        1,
        null,
        null,
        null
      ],
      "/Users/emmasjostrom/Projects/week6/best_bnb/app/models/user.rb": [
        1,
        null,
        1,
        null,
        1,
        1,
        null,
        1,
        null,
        1,
        null,
        1,
        1,
        1,
        1,
        null,
        1,
        1,
        null,
        1,
        18,
        18,
        null,
        null,
        1,
        7,
        7,
        5,
        null,
        null,
        null,
        null
      ],
      "/Users/emmasjostrom/Projects/week6/best_bnb/app/models/space.rb": [
        1,
        null,
        1,
        null,
        1,
        1,
        1,
        1,
        1,
        1,
        null,
        1,
        null,
        null
      ],
      "/Users/emmasjostrom/Projects/week6/best_bnb/app/controllers/users.rb": [
        1,
        null,
        1,
        16,
        16,
        null,
        null,
        1,
        16,
        null,
        null,
        null,
        null,
        null,
        16,
        null,
        null,
        null,
        null,
        15,
        15,
        null,
        1,
        1,
        null,
        null,
        null,
        null
      ],
      "/Users/emmasjostrom/Projects/week6/best_bnb/app/controllers/sessions.rb": [
        1,
        null,
        1,
        0,
        null,
        null,
        1,
        5,
        null,
        null,
        1,
        5,
        5,
        4,
        4,
        4,
        null,
        1,
        1,
        null,
        null,
        null,
        1,
        7,
        7,
        7,
        7,
        null,
        null
      ],
      "/Users/emmasjostrom/Projects/week6/best_bnb/app/controllers/spaces.rb": [
        1,
        null,
        1,
        41,
        41,
        41,
        null,
        null,
        1,
        10,
        0,
        0,
        null,
        10,
        null,
        null,
        null,
        1,
        9,
        9,
        null,
        null,
        null,
        null,
        null,
        9,
        9,
        null,
        0,
        null,
        null,
        null,
        1,
        5,
        5,
        null,
        null,
        1,
        5,
        5,
        null,
        null,
        1,
        4,
        4,
        null,
        null,
        4,
        4,
        null,
        null,
        1,
        4,
        null,
        null,
        1,
        2,
        2,
        null,
        null
      ],
      "/Users/emmasjostrom/Projects/week6/best_bnb/app/models/date_range.rb": [
        1,
        null,
        1,
        null,
        1,
        22,
        22,
        null,
        null,
        1,
        24,
        24,
        null,
        null,
        1,
        1,
        1,
        1,
        null,
        null,
        1,
        5,
        null,
        null,
        1,
        null,
        1,
        1,
        18,
        null,
        1,
        null,
        null,
        null
      ],
      "/Users/emmasjostrom/Projects/week6/best_bnb/spec/web_helpers.rb": [
        1,
        12,
        12,
        12,
        12,
        12,
        12,
        null,
        null,
        1,
        5,
        5,
        5,
        5,
        null,
        null,
        1,
        4,
        4,
        4,
        4,
        4,
        4,
        null,
        null,
        1,
        8,
        8,
        8,
        8,
        8,
        8,
        8,
        8,
        null,
        null,
        1,
        1,
        1,
        1,
        1,
        1,
        1,
        1,
        null,
        null,
        1,
        2,
        2,
        2,
        2,
        2,
        null
      ],
      "/Users/emmasjostrom/Projects/week6/best_bnb/spec/features/add_space_spec.rb": [
        1,
        1,
        1,
        1,
        1,
        1,
        null,
        null,
        1,
        1,
        1,
        1,
        1,
        1,
        1,
        1,
        1,
        null,
        null,
        1,
        2,
        1,
        null,
        null,
        1,
        1,
        1,
        null,
        null
      ],
      "/Users/emmasjostrom/Projects/week6/best_bnb/spec/features/approve_space_request_spec.rb": [
        1,
        1,
        1,
        1,
        1,
        1,
        1,
        1,
        1,
        1,
        1,
        1,
        1,
        1,
        1,
        1,
        null,
        null,
        1,
        1,
        1,
        1,
        1,
        1,
        1,
        1,
        1,
        null,
        1,
        1,
        1,
        1,
        1,
        null,
        1,
        1,
        1,
        1,
        1,
        0,
        null,
        0,
        0,
        null,
        null
      ],
      "/Users/emmasjostrom/Projects/week6/best_bnb/spec/features/date_space_spec.rb": [
        1,
        1,
        1,
        2,
        1,
        1,
        1,
        1,
        1,
        null,
        null,
        null
      ],
      "/Users/emmasjostrom/Projects/week6/best_bnb/spec/features/request_to_hire_space_spec.rb": [
        1,
        1,
        1,
        1,
        1,
        null,
        1,
        1,
        1,
        1,
        1,
        1,
        null,
        null
      ],
      "/Users/emmasjostrom/Projects/week6/best_bnb/spec/features/sign_in_spec.rb": [
        1,
        1,
        1,
        1,
        1,
        1,
        null,
        null,
        1,
        1,
        1,
        1,
        null,
        null
      ],
      "/Users/emmasjostrom/Projects/week6/best_bnb/spec/features/sign_out_spec.rb": [
        1,
        1,
        1,
        1,
        1,
        1,
        1,
        null,
        null
      ],
      "/Users/emmasjostrom/Projects/week6/best_bnb/spec/features/sign_up_spec.rb": [
        1,
        1,
        2,
        1,
        1,
        1,
        null,
        null
      ],
      "/Users/emmasjostrom/Projects/week6/best_bnb/spec/models/date_range_spec.rb": [
        1,
        5,
        5,
        3,
        3,
        2,
        null,
        5,
        3,
        2,
        2,
        null,
        1,
        1,
        1,
        null,
        null,
        null,
        1,
        1,
        null,
        null,
        1,
        1,
        1,
        null,
        null,
        1,
        1,
        1,
        null,
        null,
        null
      ],
      "/Users/emmasjostrom/Projects/week6/best_bnb/spec/models/space_spec.rb": [
        1,
        1,
        0,
        null,
        null,
        null
      ],
      "/Users/emmasjostrom/Projects/week6/best_bnb/spec/models/user_spec.rb": [
        1,
        1,
        2,
        null,
        null,
        null,
        1,
        1,
        1,
        null,
        null,
        1,
        1,
        null,
        null
      ]
    },
    "timestamp": 1463657506
  }
}
